<?xml version='1.0'?>
<!DOCTYPE platform SYSTEM "http://simgrid.gforge.inria.fr/simgrid/simgrid.dtd">
<platform version="4">
  <process host="Cpu B" function="test_trace" start_time="0">
    <argument value="40"/>
    <argument value="1.0"/>
  </process>
</platform>
